2018-07-10 19:21:46,857 INFO This will record message from get_image function
2018-07-10 19:21:46,857 INFO DJI_0021.JPG found
2018-07-10 19:21:46,857 INFO DJI_0019.JPG found
2018-07-10 19:21:46,857 INFO DJI_0014.JPG found
2018-07-10 19:21:46,857 INFO DJI_0005.JPG found
2018-07-10 19:21:46,857 INFO DJI_0004.JPG found
2018-07-10 19:21:46,857 INFO DJI_0015.JPG found
2018-07-10 19:21:46,858 INFO DJI_0023.JPG found
2018-07-10 19:21:46,858 INFO DJI_0007.JPG found
2018-07-10 19:21:46,858 INFO DJI_0018.JPG found
2018-07-10 19:21:46,858 INFO DJI_0013.JPG found
2018-07-10 19:21:46,858 INFO DJI_0017.JPG found
2018-07-10 19:21:46,858 INFO DJI_0010.JPG found
2018-07-10 19:21:46,858 INFO DJI_0016.JPG found
2018-07-10 19:21:46,858 INFO DJI_0008.JPG found
2018-07-10 19:21:46,858 INFO DJI_0009.JPG found
2018-07-10 19:21:46,858 INFO DJI_0011.JPG found
2018-07-10 19:21:46,858 INFO DJI_0006.JPG found
2018-07-10 19:21:46,858 INFO DJI_0012.JPG found
2018-07-10 19:21:46,858 INFO DJI_0020.JPG found
2018-07-10 19:21:46,858 INFO DJI_0022.JPG found
2018-07-10 19:21:46,858 INFO Total images found is: 20
2018-07-10 19:21:46,858 INFO Total time taken is: 0.0 sec
2018-07-11 15:39:14,333 INFO This will record message from get_image function
2018-07-11 15:39:14,333 CRITICAL No images found in "../../test_dataset/" directory
2018-07-11 15:39:14,333 INFO Total images found is: 0
2018-07-11 15:39:14,333 INFO Total time taken is: 0.0 sec
