2018-07-07 11:11:58,920 INFO This will record message from get_image function
2018-07-07 11:11:58,920 INFO DJI_0021.JPG found
2018-07-07 11:11:58,920 INFO DJI_0019.JPG found
2018-07-07 11:11:58,920 INFO DJI_0014.JPG found
2018-07-07 11:11:58,920 INFO DJI_0005.JPG found
2018-07-07 11:11:58,920 INFO DJI_0004.JPG found
2018-07-07 11:11:58,920 INFO DJI_0015.JPG found
2018-07-07 11:11:58,920 INFO DJI_0023.JPG found
2018-07-07 11:11:58,920 INFO DJI_0007.JPG found
2018-07-07 11:11:58,920 INFO DJI_0018.JPG found
2018-07-07 11:11:58,920 INFO DJI_0013.JPG found
2018-07-07 11:11:58,920 INFO DJI_0017.JPG found
2018-07-07 11:11:58,920 INFO DJI_0010.JPG found
2018-07-07 11:11:58,920 INFO DJI_0016.JPG found
2018-07-07 11:11:58,920 INFO DJI_0008.JPG found
2018-07-07 11:11:58,920 INFO DJI_0009.JPG found
2018-07-07 11:11:58,920 INFO DJI_0011.JPG found
2018-07-07 11:11:58,920 INFO DJI_0006.JPG found
2018-07-07 11:11:58,920 INFO DJI_0012.JPG found
2018-07-07 11:11:58,920 INFO DJI_0020.JPG found
2018-07-07 11:11:58,920 INFO DJI_0022.JPG found
2018-07-07 11:11:58,920 INFO Total images found is: 20
2018-07-07 11:11:58,920 INFO Total time taken is: 0.0 sec
2018-07-07 11:12:14,535 INFO This will record message from get_image function
2018-07-07 11:12:14,535 INFO DJI_0021.JPG found
2018-07-07 11:12:14,535 INFO DJI_0019.JPG found
2018-07-07 11:12:14,535 INFO DJI_0014.JPG found
2018-07-07 11:12:14,535 INFO DJI_0005.JPG found
2018-07-07 11:12:14,535 INFO DJI_0004.JPG found
2018-07-07 11:12:14,535 INFO DJI_0015.JPG found
2018-07-07 11:12:14,535 INFO DJI_0023.JPG found
2018-07-07 11:12:14,535 INFO DJI_0007.JPG found
2018-07-07 11:12:14,535 INFO DJI_0018.JPG found
2018-07-07 11:12:14,536 INFO DJI_0013.JPG found
2018-07-07 11:12:14,536 INFO DJI_0017.JPG found
2018-07-07 11:12:14,536 INFO DJI_0010.JPG found
2018-07-07 11:12:14,536 INFO DJI_0016.JPG found
2018-07-07 11:12:14,536 INFO DJI_0008.JPG found
2018-07-07 11:12:14,536 INFO DJI_0009.JPG found
2018-07-07 11:12:14,536 INFO DJI_0011.JPG found
2018-07-07 11:12:14,536 INFO DJI_0006.JPG found
2018-07-07 11:12:14,536 INFO DJI_0012.JPG found
2018-07-07 11:12:14,536 INFO DJI_0020.JPG found
2018-07-07 11:12:14,536 INFO DJI_0022.JPG found
2018-07-07 11:12:14,536 INFO Total images found is: 20
2018-07-07 11:12:14,536 INFO Total time taken is: 0.0 sec
2018-07-07 11:12:32,054 INFO This will record message from get_image function
2018-07-07 11:12:32,055 INFO DJI_0021.JPG found
2018-07-07 11:12:32,055 INFO DJI_0019.JPG found
2018-07-07 11:12:32,055 INFO DJI_0014.JPG found
2018-07-07 11:12:32,055 INFO DJI_0005.JPG found
2018-07-07 11:12:32,055 INFO DJI_0004.JPG found
2018-07-07 11:12:32,055 INFO DJI_0015.JPG found
2018-07-07 11:12:32,055 INFO DJI_0023.JPG found
2018-07-07 11:12:32,055 INFO DJI_0007.JPG found
2018-07-07 11:12:32,055 INFO DJI_0018.JPG found
2018-07-07 11:12:32,055 INFO DJI_0013.JPG found
2018-07-07 11:12:32,055 INFO DJI_0017.JPG found
2018-07-07 11:12:32,055 INFO DJI_0010.JPG found
2018-07-07 11:12:32,055 INFO DJI_0016.JPG found
2018-07-07 11:12:32,055 INFO DJI_0008.JPG found
2018-07-07 11:12:32,055 INFO DJI_0009.JPG found
2018-07-07 11:12:32,055 INFO DJI_0011.JPG found
2018-07-07 11:12:32,055 INFO DJI_0006.JPG found
2018-07-07 11:12:32,055 INFO DJI_0012.JPG found
2018-07-07 11:12:32,055 INFO DJI_0020.JPG found
2018-07-07 11:12:32,055 INFO DJI_0022.JPG found
2018-07-07 11:12:32,055 INFO Total images found is: 20
2018-07-07 11:12:32,055 INFO Total time taken is: 0.0 sec
2018-07-07 11:15:41,766 INFO This will record message from get_image function
2018-07-07 11:15:41,766 INFO DJI_0021.JPG found
2018-07-07 11:15:41,766 INFO DJI_0019.JPG found
2018-07-07 11:15:41,766 INFO DJI_0014.JPG found
2018-07-07 11:15:41,766 INFO DJI_0005.JPG found
2018-07-07 11:15:41,766 INFO DJI_0004.JPG found
2018-07-07 11:15:41,766 INFO DJI_0015.JPG found
2018-07-07 11:15:41,766 INFO DJI_0023.JPG found
2018-07-07 11:15:41,766 INFO DJI_0007.JPG found
2018-07-07 11:15:41,766 INFO DJI_0018.JPG found
2018-07-07 11:15:41,766 INFO DJI_0013.JPG found
2018-07-07 11:15:41,766 INFO DJI_0017.JPG found
2018-07-07 11:15:41,766 INFO DJI_0010.JPG found
2018-07-07 11:15:41,767 INFO DJI_0016.JPG found
2018-07-07 11:15:41,767 INFO DJI_0008.JPG found
2018-07-07 11:15:41,767 INFO DJI_0009.JPG found
2018-07-07 11:15:41,767 INFO DJI_0011.JPG found
2018-07-07 11:15:41,767 INFO DJI_0006.JPG found
2018-07-07 11:15:41,767 INFO DJI_0012.JPG found
2018-07-07 11:15:41,767 INFO DJI_0020.JPG found
2018-07-07 11:15:41,767 INFO DJI_0022.JPG found
2018-07-07 11:15:41,767 INFO Total images found is: 20
2018-07-07 11:15:41,767 INFO Total time taken is: 0.0 sec
2018-07-07 11:15:47,510 INFO This will record message from get_image function
2018-07-07 11:15:47,510 INFO DJI_0021.JPG found
2018-07-07 11:15:47,510 INFO DJI_0019.JPG found
2018-07-07 11:15:47,510 INFO DJI_0014.JPG found
2018-07-07 11:15:47,510 INFO DJI_0005.JPG found
2018-07-07 11:15:47,510 INFO DJI_0004.JPG found
2018-07-07 11:15:47,510 INFO DJI_0015.JPG found
2018-07-07 11:15:47,510 INFO DJI_0023.JPG found
2018-07-07 11:15:47,510 INFO DJI_0007.JPG found
2018-07-07 11:15:47,510 INFO DJI_0018.JPG found
2018-07-07 11:15:47,510 INFO DJI_0013.JPG found
2018-07-07 11:15:47,510 INFO DJI_0017.JPG found
2018-07-07 11:15:47,510 INFO DJI_0010.JPG found
2018-07-07 11:15:47,510 INFO DJI_0016.JPG found
2018-07-07 11:15:47,510 INFO DJI_0008.JPG found
2018-07-07 11:15:47,510 INFO DJI_0009.JPG found
2018-07-07 11:15:47,510 INFO DJI_0011.JPG found
2018-07-07 11:15:47,510 INFO DJI_0006.JPG found
2018-07-07 11:15:47,510 INFO DJI_0012.JPG found
2018-07-07 11:15:47,510 INFO DJI_0020.JPG found
2018-07-07 11:15:47,510 INFO DJI_0022.JPG found
2018-07-07 11:15:47,510 INFO Total images found is: 20
2018-07-07 11:15:47,511 INFO Total time taken is: 0.0 sec
2018-07-07 11:16:05,595 INFO This will record message from get_image function
2018-07-07 11:16:05,595 INFO DJI_0021.JPG found
2018-07-07 11:16:05,596 INFO DJI_0019.JPG found
2018-07-07 11:16:05,596 INFO DJI_0014.JPG found
2018-07-07 11:16:05,596 INFO DJI_0005.JPG found
2018-07-07 11:16:05,596 INFO DJI_0004.JPG found
2018-07-07 11:16:05,596 INFO DJI_0015.JPG found
2018-07-07 11:16:05,596 INFO DJI_0023.JPG found
2018-07-07 11:16:05,596 INFO DJI_0007.JPG found
2018-07-07 11:16:05,596 INFO DJI_0018.JPG found
2018-07-07 11:16:05,596 INFO DJI_0013.JPG found
2018-07-07 11:16:05,596 INFO DJI_0017.JPG found
2018-07-07 11:16:05,596 INFO DJI_0010.JPG found
2018-07-07 11:16:05,596 INFO DJI_0016.JPG found
2018-07-07 11:16:05,596 INFO DJI_0008.JPG found
2018-07-07 11:16:05,596 INFO DJI_0009.JPG found
2018-07-07 11:16:05,596 INFO DJI_0011.JPG found
2018-07-07 11:16:05,596 INFO DJI_0006.JPG found
2018-07-07 11:16:05,596 INFO DJI_0012.JPG found
2018-07-07 11:16:05,596 INFO DJI_0020.JPG found
2018-07-07 11:16:05,597 INFO DJI_0022.JPG found
2018-07-07 11:16:05,597 INFO Total images found is: 20
2018-07-07 11:16:05,597 INFO Total time taken is: 0.0 sec
2018-07-07 11:17:22,839 INFO This will record message from get_image function
2018-07-07 11:17:22,839 INFO DJI_0021.JPG found
2018-07-07 11:17:22,839 INFO DJI_0019.JPG found
2018-07-07 11:17:22,839 INFO DJI_0014.JPG found
2018-07-07 11:17:22,839 INFO DJI_0005.JPG found
2018-07-07 11:17:22,839 INFO DJI_0004.JPG found
2018-07-07 11:17:22,839 INFO DJI_0015.JPG found
2018-07-07 11:17:22,839 INFO DJI_0023.JPG found
2018-07-07 11:17:22,839 INFO DJI_0007.JPG found
2018-07-07 11:17:22,839 INFO DJI_0018.JPG found
2018-07-07 11:17:22,839 INFO DJI_0013.JPG found
2018-07-07 11:17:22,839 INFO DJI_0017.JPG found
2018-07-07 11:17:22,839 INFO DJI_0010.JPG found
2018-07-07 11:17:22,839 INFO DJI_0016.JPG found
2018-07-07 11:17:22,839 INFO DJI_0008.JPG found
2018-07-07 11:17:22,839 INFO DJI_0009.JPG found
2018-07-07 11:17:22,839 INFO DJI_0011.JPG found
2018-07-07 11:17:22,840 INFO DJI_0006.JPG found
2018-07-07 11:17:22,840 INFO DJI_0012.JPG found
2018-07-07 11:17:22,840 INFO DJI_0020.JPG found
2018-07-07 11:17:22,840 INFO DJI_0022.JPG found
2018-07-07 11:17:22,840 INFO Total images found is: 20
2018-07-07 11:17:22,840 INFO Total time taken is: 0.0 sec
2018-07-07 11:18:32,903 INFO This will record message from get_image function
2018-07-07 11:18:32,903 INFO DJI_0021.JPG found
2018-07-07 11:18:32,903 INFO DJI_0019.JPG found
2018-07-07 11:18:32,904 INFO DJI_0014.JPG found
2018-07-07 11:18:32,904 INFO DJI_0005.JPG found
2018-07-07 11:18:32,904 INFO DJI_0004.JPG found
2018-07-07 11:18:32,904 INFO DJI_0015.JPG found
2018-07-07 11:18:32,904 INFO DJI_0023.JPG found
2018-07-07 11:18:32,904 INFO DJI_0007.JPG found
2018-07-07 11:18:32,904 INFO DJI_0018.JPG found
2018-07-07 11:18:32,904 INFO DJI_0013.JPG found
2018-07-07 11:18:32,904 INFO DJI_0017.JPG found
2018-07-07 11:18:32,904 INFO DJI_0010.JPG found
2018-07-07 11:18:32,904 INFO DJI_0016.JPG found
2018-07-07 11:18:32,904 INFO DJI_0008.JPG found
2018-07-07 11:18:32,904 INFO DJI_0009.JPG found
2018-07-07 11:18:32,904 INFO DJI_0011.JPG found
2018-07-07 11:18:32,904 INFO DJI_0006.JPG found
2018-07-07 11:18:32,904 INFO DJI_0012.JPG found
2018-07-07 11:18:32,904 INFO DJI_0020.JPG found
2018-07-07 11:18:32,904 INFO DJI_0022.JPG found
2018-07-07 11:18:32,904 INFO Total images found is: 20
2018-07-07 11:18:32,904 INFO Total time taken is: 0.0 sec
2018-07-07 11:18:37,879 INFO This will record message from get_image function
2018-07-07 11:18:37,879 INFO DJI_0021.JPG found
2018-07-07 11:18:37,879 INFO DJI_0019.JPG found
2018-07-07 11:18:37,879 INFO DJI_0014.JPG found
2018-07-07 11:18:37,879 INFO DJI_0005.JPG found
2018-07-07 11:18:37,880 INFO DJI_0004.JPG found
2018-07-07 11:18:37,880 INFO DJI_0015.JPG found
2018-07-07 11:18:37,880 INFO DJI_0023.JPG found
2018-07-07 11:18:37,880 INFO DJI_0007.JPG found
2018-07-07 11:18:37,880 INFO DJI_0018.JPG found
2018-07-07 11:18:37,880 INFO DJI_0013.JPG found
2018-07-07 11:18:37,880 INFO DJI_0017.JPG found
2018-07-07 11:18:37,880 INFO DJI_0010.JPG found
2018-07-07 11:18:37,880 INFO DJI_0016.JPG found
2018-07-07 11:18:37,880 INFO DJI_0008.JPG found
2018-07-07 11:18:37,880 INFO DJI_0009.JPG found
2018-07-07 11:18:37,880 INFO DJI_0011.JPG found
2018-07-07 11:18:37,880 INFO DJI_0006.JPG found
2018-07-07 11:18:37,880 INFO DJI_0012.JPG found
2018-07-07 11:18:37,880 INFO DJI_0020.JPG found
2018-07-07 11:18:37,880 INFO DJI_0022.JPG found
2018-07-07 11:18:37,880 INFO Total images found is: 20
2018-07-07 11:18:37,880 INFO Total time taken is: 0.0 sec
2018-07-07 11:24:05,605 INFO This will record message from get_image function
2018-07-07 11:24:05,605 INFO DJI_0021.JPG found
2018-07-07 11:24:05,605 INFO DJI_0019.JPG found
2018-07-07 11:24:05,605 INFO DJI_0014.JPG found
2018-07-07 11:24:05,605 INFO DJI_0005.JPG found
2018-07-07 11:24:05,605 INFO DJI_0004.JPG found
2018-07-07 11:24:05,605 INFO DJI_0015.JPG found
2018-07-07 11:24:05,605 INFO DJI_0023.JPG found
2018-07-07 11:24:05,605 INFO DJI_0007.JPG found
2018-07-07 11:24:05,605 INFO DJI_0018.JPG found
2018-07-07 11:24:05,606 INFO DJI_0013.JPG found
2018-07-07 11:24:05,606 INFO DJI_0017.JPG found
2018-07-07 11:24:05,606 INFO DJI_0010.JPG found
2018-07-07 11:24:05,606 INFO DJI_0016.JPG found
2018-07-07 11:24:05,606 INFO DJI_0008.JPG found
2018-07-07 11:24:05,606 INFO DJI_0009.JPG found
2018-07-07 11:24:05,606 INFO DJI_0011.JPG found
2018-07-07 11:24:05,606 INFO DJI_0006.JPG found
2018-07-07 11:24:05,606 INFO DJI_0012.JPG found
2018-07-07 11:24:05,606 INFO DJI_0020.JPG found
2018-07-07 11:24:05,606 INFO DJI_0022.JPG found
2018-07-07 11:24:05,606 INFO Total images found is: 20
2018-07-07 11:24:05,606 INFO Total time taken is: 0.0 sec
2018-07-07 11:31:03,630 INFO This will record message from get_image function
2018-07-07 11:31:03,630 INFO DJI_0021.JPG found
2018-07-07 11:31:03,630 INFO DJI_0019.JPG found
2018-07-07 11:31:03,630 INFO DJI_0014.JPG found
2018-07-07 11:31:03,630 INFO DJI_0005.JPG found
2018-07-07 11:31:03,630 INFO DJI_0004.JPG found
2018-07-07 11:31:03,630 INFO DJI_0015.JPG found
2018-07-07 11:31:03,630 INFO DJI_0023.JPG found
2018-07-07 11:31:03,630 INFO DJI_0007.JPG found
2018-07-07 11:31:03,630 INFO DJI_0018.JPG found
2018-07-07 11:31:03,630 INFO DJI_0013.JPG found
2018-07-07 11:31:03,630 INFO DJI_0017.JPG found
2018-07-07 11:31:03,631 INFO DJI_0010.JPG found
2018-07-07 11:31:03,631 INFO DJI_0016.JPG found
2018-07-07 11:31:03,631 INFO DJI_0008.JPG found
2018-07-07 11:31:03,631 INFO DJI_0009.JPG found
2018-07-07 11:31:03,631 INFO DJI_0011.JPG found
2018-07-07 11:31:03,631 INFO DJI_0006.JPG found
2018-07-07 11:31:03,631 INFO DJI_0012.JPG found
2018-07-07 11:31:03,631 INFO DJI_0020.JPG found
2018-07-07 11:31:03,631 INFO DJI_0022.JPG found
2018-07-07 11:31:03,631 INFO Total images found is: 20
2018-07-07 11:31:03,631 INFO Total time taken is: 0.0 sec
2018-07-07 11:31:27,416 INFO This will record message from get_image function
2018-07-07 11:31:27,416 INFO DJI_0021.JPG found
2018-07-07 11:31:27,416 INFO DJI_0019.JPG found
2018-07-07 11:31:27,416 INFO DJI_0014.JPG found
2018-07-07 11:31:27,416 INFO DJI_0005.JPG found
2018-07-07 11:31:27,416 INFO DJI_0004.JPG found
2018-07-07 11:31:27,417 INFO DJI_0015.JPG found
2018-07-07 11:31:27,417 INFO DJI_0023.JPG found
2018-07-07 11:31:27,417 INFO DJI_0007.JPG found
2018-07-07 11:31:27,417 INFO DJI_0018.JPG found
2018-07-07 11:31:27,417 INFO DJI_0013.JPG found
2018-07-07 11:31:27,417 INFO DJI_0017.JPG found
2018-07-07 11:31:27,417 INFO DJI_0010.JPG found
2018-07-07 11:31:27,417 INFO DJI_0016.JPG found
2018-07-07 11:31:27,417 INFO DJI_0008.JPG found
2018-07-07 11:31:27,417 INFO DJI_0009.JPG found
2018-07-07 11:31:27,417 INFO DJI_0011.JPG found
2018-07-07 11:31:27,417 INFO DJI_0006.JPG found
2018-07-07 11:31:27,417 INFO DJI_0012.JPG found
2018-07-07 11:31:27,417 INFO DJI_0020.JPG found
2018-07-07 11:31:27,417 INFO DJI_0022.JPG found
2018-07-07 11:31:27,417 INFO Total images found is: 20
2018-07-07 11:31:27,417 INFO Total time taken is: 0.0 sec
2018-07-07 11:31:42,439 INFO This will record message from get_image function
2018-07-07 11:31:42,439 INFO DJI_0021.JPG found
2018-07-07 11:31:42,439 INFO DJI_0019.JPG found
2018-07-07 11:31:42,439 INFO DJI_0014.JPG found
2018-07-07 11:31:42,439 INFO DJI_0005.JPG found
2018-07-07 11:31:42,439 INFO DJI_0004.JPG found
2018-07-07 11:31:42,439 INFO DJI_0015.JPG found
2018-07-07 11:31:42,439 INFO DJI_0023.JPG found
2018-07-07 11:31:42,440 INFO DJI_0007.JPG found
2018-07-07 11:31:42,440 INFO DJI_0018.JPG found
2018-07-07 11:31:42,440 INFO DJI_0013.JPG found
2018-07-07 11:31:42,440 INFO DJI_0017.JPG found
2018-07-07 11:31:42,440 INFO DJI_0010.JPG found
2018-07-07 11:31:42,440 INFO DJI_0016.JPG found
2018-07-07 11:31:42,440 INFO DJI_0008.JPG found
2018-07-07 11:31:42,440 INFO DJI_0009.JPG found
2018-07-07 11:31:42,440 INFO DJI_0011.JPG found
2018-07-07 11:31:42,440 INFO DJI_0006.JPG found
2018-07-07 11:31:42,440 INFO DJI_0012.JPG found
2018-07-07 11:31:42,440 INFO DJI_0020.JPG found
2018-07-07 11:31:42,440 INFO DJI_0022.JPG found
2018-07-07 11:31:42,440 INFO Total images found is: 20
2018-07-07 11:31:42,440 INFO Total time taken is: 0.0 sec
2018-07-07 11:32:12,438 INFO This will record message from get_image function
2018-07-07 11:32:12,438 INFO DJI_0021.JPG found
2018-07-07 11:32:12,438 INFO DJI_0019.JPG found
2018-07-07 11:32:12,438 INFO DJI_0014.JPG found
2018-07-07 11:32:12,438 INFO DJI_0005.JPG found
2018-07-07 11:32:12,438 INFO DJI_0004.JPG found
2018-07-07 11:32:12,438 INFO DJI_0015.JPG found
2018-07-07 11:32:12,438 INFO DJI_0023.JPG found
2018-07-07 11:32:12,439 INFO DJI_0007.JPG found
2018-07-07 11:32:12,439 INFO DJI_0018.JPG found
2018-07-07 11:32:12,439 INFO DJI_0013.JPG found
2018-07-07 11:32:12,439 INFO DJI_0017.JPG found
2018-07-07 11:32:12,439 INFO DJI_0010.JPG found
2018-07-07 11:32:12,439 INFO DJI_0016.JPG found
2018-07-07 11:32:12,439 INFO DJI_0008.JPG found
2018-07-07 11:32:12,439 INFO DJI_0009.JPG found
2018-07-07 11:32:12,439 INFO DJI_0011.JPG found
2018-07-07 11:32:12,439 INFO DJI_0006.JPG found
2018-07-07 11:32:12,439 INFO DJI_0012.JPG found
2018-07-07 11:32:12,439 INFO DJI_0020.JPG found
2018-07-07 11:32:12,439 INFO DJI_0022.JPG found
2018-07-07 11:32:12,439 INFO Total images found is: 20
2018-07-07 11:32:12,439 INFO Total time taken is: 0.0 sec
2018-07-07 11:34:18,468 INFO This will record message from get_image function
2018-07-07 11:34:18,468 INFO DJI_0021.JPG found
2018-07-07 11:34:18,468 INFO DJI_0019.JPG found
2018-07-07 11:34:18,468 INFO DJI_0014.JPG found
2018-07-07 11:34:18,469 INFO DJI_0005.JPG found
2018-07-07 11:34:18,469 INFO DJI_0004.JPG found
2018-07-07 11:34:18,469 INFO DJI_0015.JPG found
2018-07-07 11:34:18,469 INFO DJI_0023.JPG found
2018-07-07 11:34:18,469 INFO DJI_0007.JPG found
2018-07-07 11:34:18,469 INFO DJI_0018.JPG found
2018-07-07 11:34:18,469 INFO DJI_0013.JPG found
2018-07-07 11:34:18,469 INFO DJI_0017.JPG found
2018-07-07 11:34:18,469 INFO DJI_0010.JPG found
2018-07-07 11:34:18,469 INFO DJI_0016.JPG found
2018-07-07 11:34:18,469 INFO DJI_0008.JPG found
2018-07-07 11:34:18,469 INFO DJI_0009.JPG found
2018-07-07 11:34:18,469 INFO DJI_0011.JPG found
2018-07-07 11:34:18,469 INFO DJI_0006.JPG found
2018-07-07 11:34:18,469 INFO DJI_0012.JPG found
2018-07-07 11:34:18,469 INFO DJI_0020.JPG found
2018-07-07 11:34:18,469 INFO DJI_0022.JPG found
2018-07-07 11:34:18,469 INFO Total images found is: 20
2018-07-07 11:34:18,469 INFO Total time taken is: 0.0 sec
2018-07-07 11:35:12,772 INFO This will record message from get_image function
2018-07-07 11:35:12,772 INFO DJI_0021.JPG found
2018-07-07 11:35:12,772 INFO DJI_0019.JPG found
2018-07-07 11:35:12,772 INFO DJI_0014.JPG found
2018-07-07 11:35:12,772 INFO DJI_0005.JPG found
2018-07-07 11:35:12,772 INFO DJI_0004.JPG found
2018-07-07 11:35:12,772 INFO DJI_0015.JPG found
2018-07-07 11:35:12,772 INFO DJI_0023.JPG found
2018-07-07 11:35:12,772 INFO DJI_0007.JPG found
2018-07-07 11:35:12,772 INFO DJI_0018.JPG found
2018-07-07 11:35:12,772 INFO DJI_0013.JPG found
2018-07-07 11:35:12,772 INFO DJI_0017.JPG found
2018-07-07 11:35:12,773 INFO DJI_0010.JPG found
2018-07-07 11:35:12,773 INFO DJI_0016.JPG found
2018-07-07 11:35:12,773 INFO DJI_0008.JPG found
2018-07-07 11:35:12,773 INFO DJI_0009.JPG found
2018-07-07 11:35:12,773 INFO DJI_0011.JPG found
2018-07-07 11:35:12,773 INFO DJI_0006.JPG found
2018-07-07 11:35:12,773 INFO DJI_0012.JPG found
2018-07-07 11:35:12,773 INFO DJI_0020.JPG found
2018-07-07 11:35:12,773 INFO DJI_0022.JPG found
2018-07-07 11:35:12,773 INFO Total images found is: 20
2018-07-07 11:35:12,773 INFO Total time taken is: 0.0 sec
2018-07-07 11:36:58,256 INFO This will record message from get_image function
2018-07-07 11:36:58,256 INFO DJI_0021.JPG found
2018-07-07 11:36:58,256 INFO DJI_0019.JPG found
2018-07-07 11:36:58,256 INFO DJI_0014.JPG found
2018-07-07 11:36:58,256 INFO DJI_0005.JPG found
2018-07-07 11:36:58,256 INFO DJI_0004.JPG found
2018-07-07 11:36:58,256 INFO DJI_0015.JPG found
2018-07-07 11:36:58,256 INFO DJI_0023.JPG found
2018-07-07 11:36:58,256 INFO DJI_0007.JPG found
2018-07-07 11:36:58,256 INFO DJI_0018.JPG found
2018-07-07 11:36:58,257 INFO DJI_0013.JPG found
2018-07-07 11:36:58,257 INFO DJI_0017.JPG found
2018-07-07 11:36:58,257 INFO DJI_0010.JPG found
2018-07-07 11:36:58,257 INFO DJI_0016.JPG found
2018-07-07 11:36:58,257 INFO DJI_0008.JPG found
2018-07-07 11:36:58,257 INFO DJI_0009.JPG found
2018-07-07 11:36:58,257 INFO DJI_0011.JPG found
2018-07-07 11:36:58,257 INFO DJI_0006.JPG found
2018-07-07 11:36:58,257 INFO DJI_0012.JPG found
2018-07-07 11:36:58,257 INFO DJI_0020.JPG found
2018-07-07 11:36:58,257 INFO DJI_0022.JPG found
2018-07-07 11:36:58,257 INFO Total images found is: 20
2018-07-07 11:36:58,257 INFO Total time taken is: 0.0 sec
2018-07-07 11:38:12,994 INFO This will record message from get_image function
2018-07-07 11:38:12,994 INFO DJI_0021.JPG found
2018-07-07 11:38:12,994 INFO DJI_0019.JPG found
2018-07-07 11:38:12,994 INFO DJI_0014.JPG found
2018-07-07 11:38:12,994 INFO DJI_0005.JPG found
2018-07-07 11:38:12,994 INFO DJI_0004.JPG found
2018-07-07 11:38:12,994 INFO DJI_0015.JPG found
2018-07-07 11:38:12,994 INFO DJI_0023.JPG found
2018-07-07 11:38:12,994 INFO DJI_0007.JPG found
2018-07-07 11:38:12,994 INFO DJI_0018.JPG found
2018-07-07 11:38:12,994 INFO DJI_0013.JPG found
2018-07-07 11:38:12,994 INFO DJI_0017.JPG found
2018-07-07 11:38:12,994 INFO DJI_0010.JPG found
2018-07-07 11:38:12,994 INFO DJI_0016.JPG found
2018-07-07 11:38:12,994 INFO DJI_0008.JPG found
2018-07-07 11:38:12,994 INFO DJI_0009.JPG found
2018-07-07 11:38:12,994 INFO DJI_0011.JPG found
2018-07-07 11:38:12,995 INFO DJI_0006.JPG found
2018-07-07 11:38:12,995 INFO DJI_0012.JPG found
2018-07-07 11:38:12,995 INFO DJI_0020.JPG found
2018-07-07 11:38:12,995 INFO DJI_0022.JPG found
2018-07-07 11:38:12,995 INFO Total images found is: 20
2018-07-07 11:38:12,995 INFO Total time taken is: 0.0 sec
2018-07-07 11:38:49,647 INFO This will record message from get_image function
2018-07-07 11:38:49,647 INFO DJI_0021.JPG found
2018-07-07 11:38:49,647 INFO DJI_0019.JPG found
2018-07-07 11:38:49,647 INFO DJI_0014.JPG found
2018-07-07 11:38:49,647 INFO DJI_0005.JPG found
2018-07-07 11:38:49,647 INFO DJI_0004.JPG found
2018-07-07 11:38:49,647 INFO DJI_0015.JPG found
2018-07-07 11:38:49,647 INFO DJI_0023.JPG found
2018-07-07 11:38:49,647 INFO DJI_0007.JPG found
2018-07-07 11:38:49,647 INFO DJI_0018.JPG found
2018-07-07 11:38:49,647 INFO DJI_0013.JPG found
2018-07-07 11:38:49,647 INFO DJI_0017.JPG found
2018-07-07 11:38:49,647 INFO DJI_0010.JPG found
2018-07-07 11:38:49,647 INFO DJI_0016.JPG found
2018-07-07 11:38:49,647 INFO DJI_0008.JPG found
2018-07-07 11:38:49,647 INFO DJI_0009.JPG found
2018-07-07 11:38:49,648 INFO DJI_0011.JPG found
2018-07-07 11:38:49,648 INFO DJI_0006.JPG found
2018-07-07 11:38:49,648 INFO DJI_0012.JPG found
2018-07-07 11:38:49,648 INFO DJI_0020.JPG found
2018-07-07 11:38:49,648 INFO DJI_0022.JPG found
2018-07-07 11:38:49,648 INFO Total images found is: 20
2018-07-07 11:38:49,648 INFO Total time taken is: 0.0 sec
2018-07-07 11:39:20,930 INFO This will record message from get_image function
2018-07-07 11:39:20,930 INFO DJI_0021.JPG found
2018-07-07 11:39:20,930 INFO DJI_0019.JPG found
2018-07-07 11:39:20,930 INFO DJI_0014.JPG found
2018-07-07 11:39:20,930 INFO DJI_0005.JPG found
2018-07-07 11:39:20,930 INFO DJI_0004.JPG found
2018-07-07 11:39:20,930 INFO DJI_0015.JPG found
2018-07-07 11:39:20,930 INFO DJI_0023.JPG found
2018-07-07 11:39:20,930 INFO DJI_0007.JPG found
2018-07-07 11:39:20,930 INFO DJI_0018.JPG found
2018-07-07 11:39:20,930 INFO DJI_0013.JPG found
2018-07-07 11:39:20,930 INFO DJI_0017.JPG found
2018-07-07 11:39:20,931 INFO DJI_0010.JPG found
2018-07-07 11:39:20,931 INFO DJI_0016.JPG found
2018-07-07 11:39:20,931 INFO DJI_0008.JPG found
2018-07-07 11:39:20,931 INFO DJI_0009.JPG found
2018-07-07 11:39:20,931 INFO DJI_0011.JPG found
2018-07-07 11:39:20,931 INFO DJI_0006.JPG found
2018-07-07 11:39:20,931 INFO DJI_0012.JPG found
2018-07-07 11:39:20,931 INFO DJI_0020.JPG found
2018-07-07 11:39:20,931 INFO DJI_0022.JPG found
2018-07-07 11:39:20,931 INFO Total images found is: 20
2018-07-07 11:39:20,931 INFO Total time taken is: 0.0 sec
2018-07-07 11:40:30,969 INFO This will record message from get_image function
2018-07-07 11:40:30,969 INFO DJI_0021.JPG found
2018-07-07 11:40:30,969 INFO DJI_0019.JPG found
2018-07-07 11:40:30,969 INFO DJI_0014.JPG found
2018-07-07 11:40:30,969 INFO DJI_0005.JPG found
2018-07-07 11:40:30,969 INFO DJI_0004.JPG found
2018-07-07 11:40:30,969 INFO DJI_0015.JPG found
2018-07-07 11:40:30,969 INFO DJI_0023.JPG found
2018-07-07 11:40:30,969 INFO DJI_0007.JPG found
2018-07-07 11:40:30,969 INFO DJI_0018.JPG found
2018-07-07 11:40:30,969 INFO DJI_0013.JPG found
2018-07-07 11:40:30,970 INFO DJI_0017.JPG found
2018-07-07 11:40:30,970 INFO DJI_0010.JPG found
2018-07-07 11:40:30,970 INFO DJI_0016.JPG found
2018-07-07 11:40:30,970 INFO DJI_0008.JPG found
2018-07-07 11:40:30,970 INFO DJI_0009.JPG found
2018-07-07 11:40:30,970 INFO DJI_0011.JPG found
2018-07-07 11:40:30,970 INFO DJI_0006.JPG found
2018-07-07 11:40:30,970 INFO DJI_0012.JPG found
2018-07-07 11:40:30,970 INFO DJI_0020.JPG found
2018-07-07 11:40:30,970 INFO DJI_0022.JPG found
2018-07-07 11:40:30,970 INFO Total images found is: 20
2018-07-07 11:40:30,970 INFO Total time taken is: 0.0 sec
2018-07-07 11:41:50,116 INFO This will record message from get_image function
2018-07-07 11:41:50,116 INFO DJI_0021.JPG found
2018-07-07 11:41:50,117 INFO DJI_0019.JPG found
2018-07-07 11:41:50,117 INFO DJI_0014.JPG found
2018-07-07 11:41:50,117 INFO DJI_0005.JPG found
2018-07-07 11:41:50,117 INFO DJI_0004.JPG found
2018-07-07 11:41:50,117 INFO DJI_0015.JPG found
2018-07-07 11:41:50,117 INFO DJI_0023.JPG found
2018-07-07 11:41:50,117 INFO DJI_0007.JPG found
2018-07-07 11:41:50,117 INFO DJI_0018.JPG found
2018-07-07 11:41:50,117 INFO DJI_0013.JPG found
2018-07-07 11:41:50,117 INFO DJI_0017.JPG found
2018-07-07 11:41:50,117 INFO DJI_0010.JPG found
2018-07-07 11:41:50,117 INFO DJI_0016.JPG found
2018-07-07 11:41:50,117 INFO DJI_0008.JPG found
2018-07-07 11:41:50,117 INFO DJI_0009.JPG found
2018-07-07 11:41:50,117 INFO DJI_0011.JPG found
2018-07-07 11:41:50,117 INFO DJI_0006.JPG found
2018-07-07 11:41:50,117 INFO DJI_0012.JPG found
2018-07-07 11:41:50,117 INFO DJI_0020.JPG found
2018-07-07 11:41:50,117 INFO DJI_0022.JPG found
2018-07-07 11:41:50,117 INFO Total images found is: 20
2018-07-07 11:41:50,117 INFO Total time taken is: 0.0 sec
2018-07-07 11:42:49,860 INFO This will record message from get_image function
2018-07-07 11:42:49,860 INFO DJI_0021.JPG found
2018-07-07 11:42:49,861 INFO DJI_0019.JPG found
2018-07-07 11:42:49,861 INFO DJI_0014.JPG found
2018-07-07 11:42:49,861 INFO DJI_0005.JPG found
2018-07-07 11:42:49,861 INFO DJI_0004.JPG found
2018-07-07 11:42:49,861 INFO DJI_0015.JPG found
2018-07-07 11:42:49,861 INFO DJI_0023.JPG found
2018-07-07 11:42:49,861 INFO DJI_0007.JPG found
2018-07-07 11:42:49,861 INFO DJI_0018.JPG found
2018-07-07 11:42:49,861 INFO DJI_0013.JPG found
2018-07-07 11:42:49,861 INFO DJI_0017.JPG found
2018-07-07 11:42:49,861 INFO DJI_0010.JPG found
2018-07-07 11:42:49,861 INFO DJI_0016.JPG found
2018-07-07 11:42:49,861 INFO DJI_0008.JPG found
2018-07-07 11:42:49,861 INFO DJI_0009.JPG found
2018-07-07 11:42:49,861 INFO DJI_0011.JPG found
2018-07-07 11:42:49,861 INFO DJI_0006.JPG found
2018-07-07 11:42:49,861 INFO DJI_0012.JPG found
2018-07-07 11:42:49,861 INFO DJI_0020.JPG found
2018-07-07 11:42:49,861 INFO DJI_0022.JPG found
2018-07-07 11:42:49,861 INFO Total images found is: 20
2018-07-07 11:42:49,862 INFO Total time taken is: 0.0 sec
2018-07-07 11:50:15,972 INFO This will record message from get_image function
2018-07-07 11:50:15,973 INFO DJI_0021.JPG found
2018-07-07 11:50:15,973 INFO DJI_0019.JPG found
2018-07-07 11:50:15,973 INFO DJI_0014.JPG found
2018-07-07 11:50:15,974 INFO DJI_0005.JPG found
2018-07-07 11:50:15,974 INFO DJI_0004.JPG found
2018-07-07 11:50:15,974 INFO DJI_0015.JPG found
2018-07-07 11:50:15,974 INFO DJI_0023.JPG found
2018-07-07 11:50:15,974 INFO DJI_0007.JPG found
2018-07-07 11:50:15,974 INFO DJI_0018.JPG found
2018-07-07 11:50:15,974 INFO DJI_0013.JPG found
2018-07-07 11:50:15,974 INFO DJI_0017.JPG found
2018-07-07 11:50:15,974 INFO DJI_0010.JPG found
2018-07-07 11:50:15,974 INFO DJI_0016.JPG found
2018-07-07 11:50:15,974 INFO DJI_0008.JPG found
2018-07-07 11:50:15,974 INFO DJI_0009.JPG found
2018-07-07 11:50:15,974 INFO DJI_0011.JPG found
2018-07-07 11:50:15,974 INFO DJI_0006.JPG found
2018-07-07 11:50:15,975 INFO DJI_0012.JPG found
2018-07-07 11:50:15,975 INFO DJI_0020.JPG found
2018-07-07 11:50:15,975 INFO DJI_0022.JPG found
2018-07-07 11:50:15,975 INFO Total images found is: 20
2018-07-07 11:50:15,975 INFO Total time taken is: 0.0 sec
2018-07-07 12:16:53,433 INFO This will record message from get_image function
2018-07-07 12:16:53,433 INFO DJI_0021.JPG found
2018-07-07 12:16:53,433 INFO DJI_0019.JPG found
2018-07-07 12:16:53,433 INFO DJI_0014.JPG found
2018-07-07 12:16:53,433 INFO DJI_0005.JPG found
2018-07-07 12:16:53,433 INFO DJI_0004.JPG found
2018-07-07 12:16:53,433 INFO DJI_0015.JPG found
2018-07-07 12:16:53,433 INFO DJI_0023.JPG found
2018-07-07 12:16:53,433 INFO DJI_0007.JPG found
2018-07-07 12:16:53,433 INFO DJI_0018.JPG found
2018-07-07 12:16:53,433 INFO DJI_0013.JPG found
2018-07-07 12:16:53,433 INFO DJI_0017.JPG found
2018-07-07 12:16:53,433 INFO DJI_0010.JPG found
2018-07-07 12:16:53,433 INFO DJI_0016.JPG found
2018-07-07 12:16:53,433 INFO DJI_0008.JPG found
2018-07-07 12:16:53,433 INFO DJI_0009.JPG found
2018-07-07 12:16:53,433 INFO DJI_0011.JPG found
2018-07-07 12:16:53,433 INFO DJI_0006.JPG found
2018-07-07 12:16:53,434 INFO DJI_0012.JPG found
2018-07-07 12:16:53,434 INFO DJI_0020.JPG found
2018-07-07 12:16:53,434 INFO DJI_0022.JPG found
2018-07-07 12:16:53,434 INFO Total images found is: 20
2018-07-07 12:16:53,434 INFO Total time taken is: 0.0 sec
2018-07-07 12:19:34,553 INFO This will record message from get_image function
2018-07-07 12:19:34,553 INFO DJI_0021.JPG found
2018-07-07 12:19:34,553 INFO DJI_0019.JPG found
2018-07-07 12:19:34,553 INFO DJI_0014.JPG found
2018-07-07 12:19:34,553 INFO DJI_0005.JPG found
2018-07-07 12:19:34,553 INFO DJI_0004.JPG found
2018-07-07 12:19:34,553 INFO DJI_0015.JPG found
2018-07-07 12:19:34,553 INFO DJI_0023.JPG found
2018-07-07 12:19:34,553 INFO DJI_0007.JPG found
2018-07-07 12:19:34,553 INFO DJI_0018.JPG found
2018-07-07 12:19:34,553 INFO DJI_0013.JPG found
2018-07-07 12:19:34,553 INFO DJI_0017.JPG found
2018-07-07 12:19:34,553 INFO DJI_0010.JPG found
2018-07-07 12:19:34,553 INFO DJI_0016.JPG found
2018-07-07 12:19:34,553 INFO DJI_0008.JPG found
2018-07-07 12:19:34,553 INFO DJI_0009.JPG found
2018-07-07 12:19:34,553 INFO DJI_0011.JPG found
2018-07-07 12:19:34,553 INFO DJI_0006.JPG found
2018-07-07 12:19:34,553 INFO DJI_0012.JPG found
2018-07-07 12:19:34,553 INFO DJI_0020.JPG found
2018-07-07 12:19:34,553 INFO DJI_0022.JPG found
2018-07-07 12:19:34,554 INFO Total images found is: 20
2018-07-07 12:19:34,554 INFO Total time taken is: 0.0 sec
2018-07-07 12:20:02,104 INFO This will record message from get_image function
2018-07-07 12:20:02,104 INFO DJI_0021.JPG found
2018-07-07 12:20:02,104 INFO DJI_0019.JPG found
2018-07-07 12:20:02,104 INFO DJI_0014.JPG found
2018-07-07 12:20:02,104 INFO DJI_0005.JPG found
2018-07-07 12:20:02,104 INFO DJI_0004.JPG found
2018-07-07 12:20:02,104 INFO DJI_0015.JPG found
2018-07-07 12:20:02,104 INFO DJI_0023.JPG found
2018-07-07 12:20:02,104 INFO DJI_0007.JPG found
2018-07-07 12:20:02,104 INFO DJI_0018.JPG found
2018-07-07 12:20:02,104 INFO DJI_0013.JPG found
2018-07-07 12:20:02,104 INFO DJI_0017.JPG found
2018-07-07 12:20:02,104 INFO DJI_0010.JPG found
2018-07-07 12:20:02,104 INFO DJI_0016.JPG found
2018-07-07 12:20:02,104 INFO DJI_0008.JPG found
2018-07-07 12:20:02,104 INFO DJI_0009.JPG found
2018-07-07 12:20:02,104 INFO DJI_0011.JPG found
2018-07-07 12:20:02,104 INFO DJI_0006.JPG found
2018-07-07 12:20:02,104 INFO DJI_0012.JPG found
2018-07-07 12:20:02,104 INFO DJI_0020.JPG found
2018-07-07 12:20:02,104 INFO DJI_0022.JPG found
2018-07-07 12:20:02,105 INFO Total images found is: 20
2018-07-07 12:20:02,105 INFO Total time taken is: 0.0 sec
2018-07-07 12:21:09,112 INFO This will record message from get_image function
2018-07-07 12:21:09,112 INFO DJI_0021.JPG found
2018-07-07 12:21:09,112 INFO DJI_0019.JPG found
2018-07-07 12:21:09,112 INFO DJI_0014.JPG found
2018-07-07 12:21:09,112 INFO DJI_0005.JPG found
2018-07-07 12:21:09,112 INFO DJI_0004.JPG found
2018-07-07 12:21:09,112 INFO DJI_0015.JPG found
2018-07-07 12:21:09,112 INFO DJI_0023.JPG found
2018-07-07 12:21:09,112 INFO DJI_0007.JPG found
2018-07-07 12:21:09,112 INFO DJI_0018.JPG found
2018-07-07 12:21:09,112 INFO DJI_0013.JPG found
2018-07-07 12:21:09,112 INFO DJI_0017.JPG found
2018-07-07 12:21:09,112 INFO DJI_0010.JPG found
2018-07-07 12:21:09,112 INFO DJI_0016.JPG found
2018-07-07 12:21:09,112 INFO DJI_0008.JPG found
2018-07-07 12:21:09,112 INFO DJI_0009.JPG found
2018-07-07 12:21:09,112 INFO DJI_0011.JPG found
2018-07-07 12:21:09,112 INFO DJI_0006.JPG found
2018-07-07 12:21:09,112 INFO DJI_0012.JPG found
2018-07-07 12:21:09,112 INFO DJI_0020.JPG found
2018-07-07 12:21:09,112 INFO DJI_0022.JPG found
2018-07-07 12:21:09,112 INFO Total images found is: 20
2018-07-07 12:21:09,112 INFO Total time taken is: 0.0 sec
2018-07-07 12:22:02,041 INFO This will record message from get_image function
2018-07-07 12:22:02,041 INFO DJI_0021.JPG found
2018-07-07 12:22:02,041 INFO DJI_0019.JPG found
2018-07-07 12:22:02,041 INFO DJI_0014.JPG found
2018-07-07 12:22:02,041 INFO DJI_0005.JPG found
2018-07-07 12:22:02,041 INFO DJI_0004.JPG found
2018-07-07 12:22:02,041 INFO DJI_0015.JPG found
2018-07-07 12:22:02,041 INFO DJI_0023.JPG found
2018-07-07 12:22:02,041 INFO DJI_0007.JPG found
2018-07-07 12:22:02,041 INFO DJI_0018.JPG found
2018-07-07 12:22:02,042 INFO DJI_0013.JPG found
2018-07-07 12:22:02,042 INFO DJI_0017.JPG found
2018-07-07 12:22:02,042 INFO DJI_0010.JPG found
2018-07-07 12:22:02,042 INFO DJI_0016.JPG found
2018-07-07 12:22:02,042 INFO DJI_0008.JPG found
2018-07-07 12:22:02,042 INFO DJI_0009.JPG found
2018-07-07 12:22:02,042 INFO DJI_0011.JPG found
2018-07-07 12:22:02,042 INFO DJI_0006.JPG found
2018-07-07 12:22:02,042 INFO DJI_0012.JPG found
2018-07-07 12:22:02,042 INFO DJI_0020.JPG found
2018-07-07 12:22:02,042 INFO DJI_0022.JPG found
2018-07-07 12:22:02,042 INFO Total images found is: 20
2018-07-07 12:22:02,042 INFO Total time taken is: 0.0 sec
2018-07-07 12:25:39,732 INFO This will record message from get_image function
2018-07-07 12:25:39,732 INFO DJI_0021.JPG found
2018-07-07 12:25:39,732 INFO DJI_0019.JPG found
2018-07-07 12:25:39,732 INFO DJI_0014.JPG found
2018-07-07 12:25:39,732 INFO DJI_0005.JPG found
2018-07-07 12:25:39,732 INFO DJI_0004.JPG found
2018-07-07 12:25:39,733 INFO DJI_0015.JPG found
2018-07-07 12:25:39,733 INFO DJI_0023.JPG found
2018-07-07 12:25:39,733 INFO DJI_0007.JPG found
2018-07-07 12:25:39,733 INFO DJI_0018.JPG found
2018-07-07 12:25:39,733 INFO DJI_0013.JPG found
2018-07-07 12:25:39,733 INFO DJI_0017.JPG found
2018-07-07 12:25:39,733 INFO DJI_0010.JPG found
2018-07-07 12:25:39,733 INFO DJI_0016.JPG found
2018-07-07 12:25:39,733 INFO DJI_0008.JPG found
2018-07-07 12:25:39,733 INFO DJI_0009.JPG found
2018-07-07 12:25:39,733 INFO DJI_0011.JPG found
2018-07-07 12:25:39,733 INFO DJI_0006.JPG found
2018-07-07 12:25:39,733 INFO DJI_0012.JPG found
2018-07-07 12:25:39,733 INFO DJI_0020.JPG found
2018-07-07 12:25:39,733 INFO DJI_0022.JPG found
2018-07-07 12:25:39,733 INFO Total images found is: 20
2018-07-07 12:25:39,733 INFO Total time taken is: 0.0 sec
2018-07-07 12:25:42,993 INFO This will record message from get_image function
2018-07-07 12:25:42,993 INFO DJI_0021.JPG found
2018-07-07 12:25:42,993 INFO DJI_0019.JPG found
2018-07-07 12:25:42,993 INFO DJI_0014.JPG found
2018-07-07 12:25:42,993 INFO DJI_0005.JPG found
2018-07-07 12:25:42,993 INFO DJI_0004.JPG found
2018-07-07 12:25:42,993 INFO DJI_0015.JPG found
2018-07-07 12:25:42,993 INFO DJI_0023.JPG found
2018-07-07 12:25:42,994 INFO DJI_0007.JPG found
2018-07-07 12:25:42,994 INFO DJI_0018.JPG found
2018-07-07 12:25:42,994 INFO DJI_0013.JPG found
2018-07-07 12:25:42,994 INFO DJI_0017.JPG found
2018-07-07 12:25:42,994 INFO DJI_0010.JPG found
2018-07-07 12:25:42,994 INFO DJI_0016.JPG found
2018-07-07 12:25:42,994 INFO DJI_0008.JPG found
2018-07-07 12:25:42,994 INFO DJI_0009.JPG found
2018-07-07 12:25:42,994 INFO DJI_0011.JPG found
2018-07-07 12:25:42,994 INFO DJI_0006.JPG found
2018-07-07 12:25:42,994 INFO DJI_0012.JPG found
2018-07-07 12:25:42,994 INFO DJI_0020.JPG found
2018-07-07 12:25:42,994 INFO DJI_0022.JPG found
2018-07-07 12:25:42,994 INFO Total images found is: 20
2018-07-07 12:25:42,994 INFO Total time taken is: 0.0 sec
2018-07-07 12:32:18,844 INFO This will record message from get_image function
2018-07-07 12:32:18,844 INFO DJI_0021.JPG found
2018-07-07 12:32:18,844 INFO DJI_0019.JPG found
2018-07-07 12:32:18,844 INFO DJI_0014.JPG found
2018-07-07 12:32:18,844 INFO DJI_0005.JPG found
2018-07-07 12:32:18,845 INFO DJI_0004.JPG found
2018-07-07 12:32:18,845 INFO DJI_0015.JPG found
2018-07-07 12:32:18,845 INFO DJI_0023.JPG found
2018-07-07 12:32:18,845 INFO DJI_0007.JPG found
2018-07-07 12:32:18,845 INFO DJI_0018.JPG found
2018-07-07 12:32:18,845 INFO DJI_0013.JPG found
2018-07-07 12:32:18,845 INFO DJI_0017.JPG found
2018-07-07 12:32:18,845 INFO DJI_0010.JPG found
2018-07-07 12:32:18,845 INFO DJI_0016.JPG found
2018-07-07 12:32:18,845 INFO DJI_0008.JPG found
2018-07-07 12:32:18,845 INFO DJI_0009.JPG found
2018-07-07 12:32:18,845 INFO DJI_0011.JPG found
2018-07-07 12:32:18,845 INFO DJI_0006.JPG found
2018-07-07 12:32:18,845 INFO DJI_0012.JPG found
2018-07-07 12:32:18,845 INFO DJI_0020.JPG found
2018-07-07 12:32:18,845 INFO DJI_0022.JPG found
2018-07-07 12:32:18,845 INFO Total images found is: 20
2018-07-07 12:32:18,845 INFO Total time taken is: 0.0 sec
2018-07-07 12:32:34,868 INFO This will record message from get_image function
2018-07-07 12:32:34,868 INFO DJI_0021.JPG found
2018-07-07 12:32:34,868 INFO DJI_0019.JPG found
2018-07-07 12:32:34,868 INFO DJI_0014.JPG found
2018-07-07 12:32:34,868 INFO DJI_0005.JPG found
2018-07-07 12:32:34,868 INFO DJI_0004.JPG found
2018-07-07 12:32:34,868 INFO DJI_0015.JPG found
2018-07-07 12:32:34,868 INFO DJI_0023.JPG found
2018-07-07 12:32:34,868 INFO DJI_0007.JPG found
2018-07-07 12:32:34,868 INFO DJI_0018.JPG found
2018-07-07 12:32:34,868 INFO DJI_0013.JPG found
2018-07-07 12:32:34,869 INFO DJI_0017.JPG found
2018-07-07 12:32:34,869 INFO DJI_0010.JPG found
2018-07-07 12:32:34,869 INFO DJI_0016.JPG found
2018-07-07 12:32:34,869 INFO DJI_0008.JPG found
2018-07-07 12:32:34,869 INFO DJI_0009.JPG found
2018-07-07 12:32:34,869 INFO DJI_0011.JPG found
2018-07-07 12:32:34,869 INFO DJI_0006.JPG found
2018-07-07 12:32:34,869 INFO DJI_0012.JPG found
2018-07-07 12:32:34,869 INFO DJI_0020.JPG found
2018-07-07 12:32:34,869 INFO DJI_0022.JPG found
2018-07-07 12:32:34,869 INFO Total images found is: 20
2018-07-07 12:32:34,869 INFO Total time taken is: 0.0 sec
2018-07-07 12:32:58,391 INFO This will record message from get_image function
2018-07-07 12:32:58,391 INFO DJI_0021.JPG found
2018-07-07 12:32:58,391 INFO DJI_0019.JPG found
2018-07-07 12:32:58,391 INFO DJI_0014.JPG found
2018-07-07 12:32:58,391 INFO DJI_0005.JPG found
2018-07-07 12:32:58,391 INFO DJI_0004.JPG found
2018-07-07 12:32:58,391 INFO DJI_0015.JPG found
2018-07-07 12:32:58,391 INFO DJI_0023.JPG found
2018-07-07 12:32:58,391 INFO DJI_0007.JPG found
2018-07-07 12:32:58,391 INFO DJI_0018.JPG found
2018-07-07 12:32:58,391 INFO DJI_0013.JPG found
2018-07-07 12:32:58,391 INFO DJI_0017.JPG found
2018-07-07 12:32:58,391 INFO DJI_0010.JPG found
2018-07-07 12:32:58,392 INFO DJI_0016.JPG found
2018-07-07 12:32:58,392 INFO DJI_0008.JPG found
2018-07-07 12:32:58,392 INFO DJI_0009.JPG found
2018-07-07 12:32:58,392 INFO DJI_0011.JPG found
2018-07-07 12:32:58,392 INFO DJI_0006.JPG found
2018-07-07 12:32:58,392 INFO DJI_0012.JPG found
2018-07-07 12:32:58,392 INFO DJI_0020.JPG found
2018-07-07 12:32:58,392 INFO DJI_0022.JPG found
2018-07-07 12:32:58,392 INFO Total images found is: 20
2018-07-07 12:32:58,392 INFO Total time taken is: 0.0 sec
2018-07-07 12:40:37,840 INFO This will record message from get_image function
2018-07-07 12:40:37,840 INFO DJI_0021.JPG found
2018-07-07 12:40:37,840 INFO DJI_0019.JPG found
2018-07-07 12:40:37,840 INFO DJI_0014.JPG found
2018-07-07 12:40:37,840 INFO DJI_0005.JPG found
2018-07-07 12:40:37,840 INFO DJI_0004.JPG found
2018-07-07 12:40:37,840 INFO DJI_0015.JPG found
2018-07-07 12:40:37,840 INFO DJI_0023.JPG found
2018-07-07 12:40:37,840 INFO DJI_0007.JPG found
2018-07-07 12:40:37,840 INFO DJI_0018.JPG found
2018-07-07 12:40:37,840 INFO DJI_0013.JPG found
2018-07-07 12:40:37,840 INFO DJI_0017.JPG found
2018-07-07 12:40:37,840 INFO DJI_0010.JPG found
2018-07-07 12:40:37,840 INFO DJI_0016.JPG found
2018-07-07 12:40:37,840 INFO DJI_0008.JPG found
2018-07-07 12:40:37,840 INFO DJI_0009.JPG found
2018-07-07 12:40:37,840 INFO DJI_0011.JPG found
2018-07-07 12:40:37,840 INFO DJI_0006.JPG found
2018-07-07 12:40:37,840 INFO DJI_0012.JPG found
2018-07-07 12:40:37,840 INFO DJI_0020.JPG found
2018-07-07 12:40:37,840 INFO DJI_0022.JPG found
2018-07-07 12:40:37,840 INFO Total images found is: 20
2018-07-07 12:40:37,840 INFO Total time taken is: 0.0 sec
2018-07-07 12:41:17,487 INFO This will record message from get_image function
2018-07-07 12:41:17,487 INFO DJI_0021.JPG found
2018-07-07 12:41:17,487 INFO DJI_0019.JPG found
2018-07-07 12:41:17,487 INFO DJI_0014.JPG found
2018-07-07 12:41:17,487 INFO DJI_0005.JPG found
2018-07-07 12:41:17,487 INFO DJI_0004.JPG found
2018-07-07 12:41:17,487 INFO DJI_0015.JPG found
2018-07-07 12:41:17,487 INFO DJI_0023.JPG found
2018-07-07 12:41:17,487 INFO DJI_0007.JPG found
2018-07-07 12:41:17,487 INFO DJI_0018.JPG found
2018-07-07 12:41:17,487 INFO DJI_0013.JPG found
2018-07-07 12:41:17,487 INFO DJI_0017.JPG found
2018-07-07 12:41:17,487 INFO DJI_0010.JPG found
2018-07-07 12:41:17,487 INFO DJI_0016.JPG found
2018-07-07 12:41:17,488 INFO DJI_0008.JPG found
2018-07-07 12:41:17,488 INFO DJI_0009.JPG found
2018-07-07 12:41:17,488 INFO DJI_0011.JPG found
2018-07-07 12:41:17,488 INFO DJI_0006.JPG found
2018-07-07 12:41:17,488 INFO DJI_0012.JPG found
2018-07-07 12:41:17,488 INFO DJI_0020.JPG found
2018-07-07 12:41:17,488 INFO DJI_0022.JPG found
2018-07-07 12:41:17,488 INFO Total images found is: 20
2018-07-07 12:41:17,488 INFO Total time taken is: 0.0 sec
2018-07-07 12:42:39,548 INFO This will record message from get_image function
2018-07-07 12:42:39,548 INFO DJI_0021.JPG found
2018-07-07 12:42:39,548 INFO DJI_0019.JPG found
2018-07-07 12:42:39,548 INFO DJI_0014.JPG found
2018-07-07 12:42:39,548 INFO DJI_0005.JPG found
2018-07-07 12:42:39,548 INFO DJI_0004.JPG found
2018-07-07 12:42:39,548 INFO DJI_0015.JPG found
2018-07-07 12:42:39,548 INFO DJI_0023.JPG found
2018-07-07 12:42:39,548 INFO DJI_0007.JPG found
2018-07-07 12:42:39,548 INFO DJI_0018.JPG found
2018-07-07 12:42:39,548 INFO DJI_0013.JPG found
2018-07-07 12:42:39,548 INFO DJI_0017.JPG found
2018-07-07 12:42:39,548 INFO DJI_0010.JPG found
2018-07-07 12:42:39,548 INFO DJI_0016.JPG found
2018-07-07 12:42:39,548 INFO DJI_0008.JPG found
2018-07-07 12:42:39,548 INFO DJI_0009.JPG found
2018-07-07 12:42:39,548 INFO DJI_0011.JPG found
2018-07-07 12:42:39,548 INFO DJI_0006.JPG found
2018-07-07 12:42:39,548 INFO DJI_0012.JPG found
2018-07-07 12:42:39,548 INFO DJI_0020.JPG found
2018-07-07 12:42:39,548 INFO DJI_0022.JPG found
2018-07-07 12:42:39,549 INFO Total images found is: 20
2018-07-07 12:42:39,549 INFO Total time taken is: 0.0 sec
2018-07-07 12:43:03,343 INFO This will record message from get_image function
2018-07-07 12:43:03,343 INFO DJI_0021.JPG found
2018-07-07 12:43:03,343 INFO DJI_0019.JPG found
2018-07-07 12:43:03,343 INFO DJI_0014.JPG found
2018-07-07 12:43:03,343 INFO DJI_0005.JPG found
2018-07-07 12:43:03,343 INFO DJI_0004.JPG found
2018-07-07 12:43:03,343 INFO DJI_0015.JPG found
2018-07-07 12:43:03,343 INFO DJI_0023.JPG found
2018-07-07 12:43:03,343 INFO DJI_0007.JPG found
2018-07-07 12:43:03,343 INFO DJI_0018.JPG found
2018-07-07 12:43:03,343 INFO DJI_0013.JPG found
2018-07-07 12:43:03,343 INFO DJI_0017.JPG found
2018-07-07 12:43:03,344 INFO DJI_0010.JPG found
2018-07-07 12:43:03,344 INFO DJI_0016.JPG found
2018-07-07 12:43:03,344 INFO DJI_0008.JPG found
2018-07-07 12:43:03,344 INFO DJI_0009.JPG found
2018-07-07 12:43:03,344 INFO DJI_0011.JPG found
2018-07-07 12:43:03,344 INFO DJI_0006.JPG found
2018-07-07 12:43:03,344 INFO DJI_0012.JPG found
2018-07-07 12:43:03,344 INFO DJI_0020.JPG found
2018-07-07 12:43:03,344 INFO DJI_0022.JPG found
2018-07-07 12:43:03,344 INFO Total images found is: 20
2018-07-07 12:43:03,344 INFO Total time taken is: 0.0 sec
2018-07-07 12:47:11,121 INFO This will record message from get_image function
2018-07-07 12:47:11,121 INFO DJI_0021.JPG found
2018-07-07 12:47:11,121 INFO DJI_0019.JPG found
2018-07-07 12:47:11,121 INFO DJI_0014.JPG found
2018-07-07 12:47:11,121 INFO DJI_0005.JPG found
2018-07-07 12:47:11,121 INFO DJI_0004.JPG found
2018-07-07 12:47:11,121 INFO DJI_0015.JPG found
2018-07-07 12:47:11,121 INFO DJI_0023.JPG found
2018-07-07 12:47:11,121 INFO DJI_0007.JPG found
2018-07-07 12:47:11,121 INFO DJI_0018.JPG found
2018-07-07 12:47:11,121 INFO DJI_0013.JPG found
2018-07-07 12:47:11,121 INFO DJI_0017.JPG found
2018-07-07 12:47:11,121 INFO DJI_0010.JPG found
2018-07-07 12:47:11,121 INFO DJI_0016.JPG found
2018-07-07 12:47:11,122 INFO DJI_0008.JPG found
2018-07-07 12:47:11,122 INFO DJI_0009.JPG found
2018-07-07 12:47:11,122 INFO DJI_0011.JPG found
2018-07-07 12:47:11,122 INFO DJI_0006.JPG found
2018-07-07 12:47:11,122 INFO DJI_0012.JPG found
2018-07-07 12:47:11,122 INFO DJI_0020.JPG found
2018-07-07 12:47:11,122 INFO DJI_0022.JPG found
2018-07-07 12:47:11,122 INFO Total images found is: 20
2018-07-07 12:47:11,122 INFO Total time taken is: 0.0 sec
2018-07-07 12:50:52,300 INFO This will record message from get_image function
2018-07-07 12:50:52,300 INFO DJI_0021.JPG found
2018-07-07 12:50:52,300 INFO DJI_0019.JPG found
2018-07-07 12:50:52,300 INFO DJI_0014.JPG found
2018-07-07 12:50:52,300 INFO DJI_0005.JPG found
2018-07-07 12:50:52,300 INFO DJI_0004.JPG found
2018-07-07 12:50:52,300 INFO DJI_0015.JPG found
2018-07-07 12:50:52,301 INFO DJI_0023.JPG found
2018-07-07 12:50:52,301 INFO DJI_0007.JPG found
2018-07-07 12:50:52,301 INFO DJI_0018.JPG found
2018-07-07 12:50:52,301 INFO DJI_0013.JPG found
2018-07-07 12:50:52,301 INFO DJI_0017.JPG found
2018-07-07 12:50:52,301 INFO DJI_0010.JPG found
2018-07-07 12:50:52,301 INFO DJI_0016.JPG found
2018-07-07 12:50:52,301 INFO DJI_0008.JPG found
2018-07-07 12:50:52,301 INFO DJI_0009.JPG found
2018-07-07 12:50:52,301 INFO DJI_0011.JPG found
2018-07-07 12:50:52,301 INFO DJI_0006.JPG found
2018-07-07 12:50:52,301 INFO DJI_0012.JPG found
2018-07-07 12:50:52,301 INFO DJI_0020.JPG found
2018-07-07 12:50:52,301 INFO DJI_0022.JPG found
2018-07-07 12:50:52,301 INFO Total images found is: 20
2018-07-07 12:50:52,301 INFO Total time taken is: 0.0 sec
2018-07-07 12:51:13,035 INFO This will record message from get_image function
2018-07-07 12:51:13,035 INFO DJI_0021.JPG found
2018-07-07 12:51:13,035 INFO DJI_0019.JPG found
2018-07-07 12:51:13,035 INFO DJI_0014.JPG found
2018-07-07 12:51:13,035 INFO DJI_0005.JPG found
2018-07-07 12:51:13,035 INFO DJI_0004.JPG found
2018-07-07 12:51:13,036 INFO DJI_0015.JPG found
2018-07-07 12:51:13,036 INFO DJI_0023.JPG found
2018-07-07 12:51:13,036 INFO DJI_0007.JPG found
2018-07-07 12:51:13,036 INFO DJI_0018.JPG found
2018-07-07 12:51:13,036 INFO DJI_0013.JPG found
2018-07-07 12:51:13,036 INFO DJI_0017.JPG found
2018-07-07 12:51:13,036 INFO DJI_0010.JPG found
2018-07-07 12:51:13,036 INFO DJI_0016.JPG found
2018-07-07 12:51:13,036 INFO DJI_0008.JPG found
2018-07-07 12:51:13,036 INFO DJI_0009.JPG found
2018-07-07 12:51:13,036 INFO DJI_0011.JPG found
2018-07-07 12:51:13,036 INFO DJI_0006.JPG found
2018-07-07 12:51:13,036 INFO DJI_0012.JPG found
2018-07-07 12:51:13,036 INFO DJI_0020.JPG found
2018-07-07 12:51:13,036 INFO DJI_0022.JPG found
2018-07-07 12:51:13,036 INFO Total images found is: 20
2018-07-07 12:51:13,036 INFO Total time taken is: 0.0 sec
